[2024-01-06 13:23:02,812] multiqc                                            [DEBUG  ]  This is MultiQC v1.17
[2024-01-06 13:23:02,813] multiqc                                            [DEBUG  ]  Command used: /home/andresunix/miniconda3/envs/rnaseq/bin/multiqc -d .
[2024-01-06 13:23:03,429] multiqc                                            [DEBUG  ]  Could not connect to multiqc.info for version check: module 'packaging.version' has no attribute 'StrictVersion'
[2024-01-06 13:23:03,429] multiqc                                            [DEBUG  ]  Working dir : /home/andresunix/new_AKG
[2024-01-06 13:23:03,429] multiqc                                            [DEBUG  ]  Template    : default
[2024-01-06 13:23:03,429] multiqc                                            [DEBUG  ]  Running Python 3.12.1 | packaged by conda-forge | (main, Dec 23 2023, 08:03:24) [GCC 12.3.0]
[2024-01-06 13:23:03,429] multiqc                                            [INFO   ]  Prepending directory to sample names
[2024-01-06 13:23:03,429] multiqc                                            [DEBUG  ]  Analysing modules: custom_content, ccs, ngsderive, purple, conpair, lima, peddy, somalier, methylQA, mosdepth, phantompeakqualtools, qualimap, preseq, hifiasm, quast, qorts, rna_seqc, rockhopper, rsem, rseqc, busco, bustools, goleft_indexcov, gffcompare, disambiguate, supernova, deeptools, sargasso, verifybamid, mirtrace, happy, mirtop, sambamba, gopeaks, homer, hops, macs2, theta2, snpeff, gatk, htseq, bcftools, featureCounts, fgbio, dragen, dragen_fastqc, dedup, pbmarkdup, damageprofiler, mapdamage, biobambam2, jcvi, mtnucratio, picard, vep, sentieon, bakta, prokka, qc3C, nanostat, samblaster, samtools, sexdeterrmine, eigenstratdatabasetools, bamtools, jellyfish, vcftools, longranger, stacks, varscan2, snippy, umitools, truvari, bbmap, bismark, biscuit, diamond, hicexplorer, hicup, hicpro, salmon, kallisto, slamdunk, star, hisat2, tophat, bowtie2, bowtie1, cellranger, snpsplit, odgi, pangolin, nextclade, freyja, humid, kat, leehom, librarian, adapterRemoval, bbduk, clipandmerge, cutadapt, flexbar, sourmash, kaiju, bracken, kraken, malt, motus, trimmomatic, sickle, skewer, sortmerna, biobloomtools, fastq_screen, afterqc, fastp, fastqc, filtlong, prinseqplusplus, pychopper, porechop, pycoqc, minionqc, anglerfish, multivcfanalyzer, clusterflow, checkqc, bcl2fastq, bclconvert, interop, ivar, flash, seqyclean, optitype, whatshap
[2024-01-06 13:23:03,482] multiqc                                            [DEBUG  ]  Using temporary directory for creating report: /tmp/tmpkylizyd4
[2024-01-06 13:23:03,485] multiqc                                            [INFO   ]  Search path : /home/andresunix/new_AKG
[2024-01-06 13:23:03,749] multiqc                                            [DEBUG  ]  Summary of files that were skipped by the search: [skipped_file_contents_search_errors: 522] // [skipped_module_specific_max_filesize: 246] // [skipped_no_match: 25] // [skipped_filesize_limit: 1]
[2024-01-06 13:23:04,175] multiqc.plots.bargraph                             [DEBUG  ]  Using matplotlib version 3.8.2
[2024-01-06 13:23:04,176] multiqc.plots.linegraph                            [DEBUG  ]  Using matplotlib version 3.8.2
[2024-01-06 13:23:04,177] multiqc                                            [DEBUG  ]  No samples found: custom_content
[2024-01-06 13:23:04,180] multiqc.modules.kallisto.kallisto                  [INFO   ]  Found 6 reports
[2024-01-06 13:23:04,538] multiqc.modules.fastqc.fastqc                      [INFO   ]  Found 6 reports
[2024-01-06 13:23:04,573] multiqc.utils.software_versions                    [DEBUG  ]  Reading software versions from config.software_versions
[2024-01-06 13:23:04,582] multiqc                                            [DEBUG  ]  Compressing plot data
[2024-01-06 13:23:04,649] multiqc                                            [INFO   ]  Report      : multiqc_report.html
[2024-01-06 13:23:04,649] multiqc                                            [INFO   ]  Data        : multiqc_data
[2024-01-06 13:23:04,649] multiqc                                            [DEBUG  ]  Moving data file from '/tmp/tmpkylizyd4/multiqc_data' to '/home/andresunix/new_AKG/multiqc_data'
[2024-01-06 13:23:04,651] multiqc                                            [DEBUG  ]  Full report path: /home/andresunix/new_AKG/multiqc_report.html
[2024-01-06 13:23:04,756] multiqc                                            [INFO   ]  MultiQC complete
